2019-07-18 09:43:15.359  INFO 14204 --- [restartedMain] cn.exrick.xboot.XbootApplication         : Starting XbootApplication on B-XN-1768 with PID 14204 (D:\innke\gitHub\x-boot-master\target\classes started by user in D:\innke\gitHub\x-boot-master)
2019-07-18 09:43:15.412  INFO 14204 --- [restartedMain] cn.exrick.xboot.XbootApplication         : No active profile set, falling back to default profiles: default
2019-07-18 09:43:15.557  INFO 14204 --- [restartedMain] .e.DevToolsPropertyDefaultsPostProcessor : Devtools property defaults active! Set 'spring.devtools.add-properties' to 'false' to disable
2019-07-18 09:43:15.557  INFO 14204 --- [restartedMain] .e.DevToolsPropertyDefaultsPostProcessor : For additional web related logging consider setting the 'logging.level.web' property to 'DEBUG'
2019-07-18 09:43:21.267  INFO 14204 --- [restartedMain] .s.d.r.c.RepositoryConfigurationDelegate : Multiple Spring Data modules found, entering strict repository configuration mode!
2019-07-18 09:43:21.272  INFO 14204 --- [restartedMain] .s.d.r.c.RepositoryConfigurationDelegate : Bootstrapping Spring Data repositories in DEFAULT mode.
2019-07-18 09:43:21.546  INFO 14204 --- [restartedMain] .RepositoryConfigurationExtensionSupport : Spring Data Elasticsearch - Could not safely identify store assignment for repository candidate interface cn.exrick.xboot.modules.base.dao.DepartmentDao.
2019-07-18 09:43:21.555  INFO 14204 --- [restartedMain] .RepositoryConfigurationExtensionSupport : Spring Data Elasticsearch - Could not safely identify store assignment for repository candidate interface cn.exrick.xboot.modules.base.dao.DepartmentHeaderDao.
2019-07-18 09:43:21.586  INFO 14204 --- [restartedMain] .RepositoryConfigurationExtensionSupport : Spring Data Elasticsearch - Could not safely identify store assignment for repository candidate interface cn.exrick.xboot.modules.base.dao.DictDao.
2019-07-18 09:43:21.590  INFO 14204 --- [restartedMain] .RepositoryConfigurationExtensionSupport : Spring Data Elasticsearch - Could not safely identify store assignment for repository candidate interface cn.exrick.xboot.modules.base.dao.DictDataDao.
2019-07-18 09:43:21.593  INFO 14204 --- [restartedMain] .RepositoryConfigurationExtensionSupport : Spring Data Elasticsearch - Could not safely identify store assignment for repository candidate interface cn.exrick.xboot.modules.base.dao.LogDao.
2019-07-18 09:43:21.596  INFO 14204 --- [restartedMain] .RepositoryConfigurationExtensionSupport : Spring Data Elasticsearch - Could not safely identify store assignment for repository candidate interface cn.exrick.xboot.modules.base.dao.PermissionDao.
2019-07-18 09:43:21.600  INFO 14204 --- [restartedMain] .RepositoryConfigurationExtensionSupport : Spring Data Elasticsearch - Could not safely identify store assignment for repository candidate interface cn.exrick.xboot.modules.base.dao.QuartzJobDao.
2019-07-18 09:43:21.603  INFO 14204 --- [restartedMain] .RepositoryConfigurationExtensionSupport : Spring Data Elasticsearch - Could not safely identify store assignment for repository candidate interface cn.exrick.xboot.modules.base.dao.RoleDao.
2019-07-18 09:43:21.606  INFO 14204 --- [restartedMain] .RepositoryConfigurationExtensionSupport : Spring Data Elasticsearch - Could not safely identify store assignment for repository candidate interface cn.exrick.xboot.modules.base.dao.RoleDepartmentDao.
2019-07-18 09:43:21.610  INFO 14204 --- [restartedMain] .RepositoryConfigurationExtensionSupport : Spring Data Elasticsearch - Could not safely identify store assignment for repository candidate interface cn.exrick.xboot.modules.base.dao.RolePermissionDao.
2019-07-18 09:43:21.613  INFO 14204 --- [restartedMain] .RepositoryConfigurationExtensionSupport : Spring Data Elasticsearch - Could not safely identify store assignment for repository candidate interface cn.exrick.xboot.modules.base.dao.UserDao.
2019-07-18 09:43:21.616  INFO 14204 --- [restartedMain] .RepositoryConfigurationExtensionSupport : Spring Data Elasticsearch - Could not safely identify store assignment for repository candidate interface cn.exrick.xboot.modules.base.dao.UserRoleDao.
2019-07-18 09:43:21.754  INFO 14204 --- [restartedMain] .s.d.r.c.RepositoryConfigurationDelegate : Finished Spring Data repository scanning in 473ms. Found 1 repository interfaces.
2019-07-18 09:43:22.070  INFO 14204 --- [restartedMain] .s.d.r.c.RepositoryConfigurationDelegate : Multiple Spring Data modules found, entering strict repository configuration mode!
2019-07-18 09:43:22.070  INFO 14204 --- [restartedMain] .s.d.r.c.RepositoryConfigurationDelegate : Bootstrapping Spring Data repositories in DEFAULT mode.
2019-07-18 09:43:22.210  INFO 14204 --- [restartedMain] .RepositoryConfigurationExtensionSupport : Spring Data JPA - Could not safely identify store assignment for repository candidate interface cn.exrick.xboot.modules.base.dao.elasticsearch.EsLogDao.
2019-07-18 09:43:22.258  INFO 14204 --- [restartedMain] .s.d.r.c.RepositoryConfigurationDelegate : Finished Spring Data repository scanning in 181ms. Found 12 repository interfaces.
2019-07-18 09:43:22.294  INFO 14204 --- [restartedMain] .s.d.r.c.RepositoryConfigurationDelegate : Multiple Spring Data modules found, entering strict repository configuration mode!
2019-07-18 09:43:22.297  INFO 14204 --- [restartedMain] .s.d.r.c.RepositoryConfigurationDelegate : Bootstrapping Spring Data repositories in DEFAULT mode.
2019-07-18 09:43:22.392  INFO 14204 --- [restartedMain] .RepositoryConfigurationExtensionSupport : Spring Data Redis - Could not safely identify store assignment for repository candidate interface cn.exrick.xboot.modules.base.dao.DepartmentDao.
2019-07-18 09:43:22.406  INFO 14204 --- [restartedMain] .RepositoryConfigurationExtensionSupport : Spring Data Redis - Could not safely identify store assignment for repository candidate interface cn.exrick.xboot.modules.base.dao.DepartmentHeaderDao.
2019-07-18 09:43:22.414  INFO 14204 --- [restartedMain] .RepositoryConfigurationExtensionSupport : Spring Data Redis - Could not safely identify store assignment for repository candidate interface cn.exrick.xboot.modules.base.dao.DictDao.
2019-07-18 09:43:22.415  INFO 14204 --- [restartedMain] .RepositoryConfigurationExtensionSupport : Spring Data Redis - Could not safely identify store assignment for repository candidate interface cn.exrick.xboot.modules.base.dao.DictDataDao.
2019-07-18 09:43:22.416  INFO 14204 --- [restartedMain] .RepositoryConfigurationExtensionSupport : Spring Data Redis - Could not safely identify store assignment for repository candidate interface cn.exrick.xboot.modules.base.dao.LogDao.
2019-07-18 09:43:22.417  INFO 14204 --- [restartedMain] .RepositoryConfigurationExtensionSupport : Spring Data Redis - Could not safely identify store assignment for repository candidate interface cn.exrick.xboot.modules.base.dao.PermissionDao.
2019-07-18 09:43:22.418  INFO 14204 --- [restartedMain] .RepositoryConfigurationExtensionSupport : Spring Data Redis - Could not safely identify store assignment for repository candidate interface cn.exrick.xboot.modules.base.dao.QuartzJobDao.
2019-07-18 09:43:22.419  INFO 14204 --- [restartedMain] .RepositoryConfigurationExtensionSupport : Spring Data Redis - Could not safely identify store assignment for repository candidate interface cn.exrick.xboot.modules.base.dao.RoleDao.
2019-07-18 09:43:22.421  INFO 14204 --- [restartedMain] .RepositoryConfigurationExtensionSupport : Spring Data Redis - Could not safely identify store assignment for repository candidate interface cn.exrick.xboot.modules.base.dao.RoleDepartmentDao.
2019-07-18 09:43:22.421  INFO 14204 --- [restartedMain] .RepositoryConfigurationExtensionSupport : Spring Data Redis - Could not safely identify store assignment for repository candidate interface cn.exrick.xboot.modules.base.dao.RolePermissionDao.
2019-07-18 09:43:22.424  INFO 14204 --- [restartedMain] .RepositoryConfigurationExtensionSupport : Spring Data Redis - Could not safely identify store assignment for repository candidate interface cn.exrick.xboot.modules.base.dao.UserDao.
2019-07-18 09:43:22.429  INFO 14204 --- [restartedMain] .RepositoryConfigurationExtensionSupport : Spring Data Redis - Could not safely identify store assignment for repository candidate interface cn.exrick.xboot.modules.base.dao.UserRoleDao.
2019-07-18 09:43:22.435  INFO 14204 --- [restartedMain] .RepositoryConfigurationExtensionSupport : Spring Data Redis - Could not safely identify store assignment for repository candidate interface cn.exrick.xboot.modules.base.dao.elasticsearch.EsLogDao.
2019-07-18 09:43:22.437  INFO 14204 --- [restartedMain] .s.d.r.c.RepositoryConfigurationDelegate : Finished Spring Data repository scanning in 84ms. Found 0 repository interfaces.
2019-07-18 09:43:23.890  INFO 14204 --- [restartedMain] ptablePropertiesBeanFactoryPostProcessor : Post-processing PropertySource instances
2019-07-18 09:43:24.073  INFO 14204 --- [restartedMain] c.u.j.EncryptablePropertySourceConverter : Converting PropertySource configurationProperties [org.springframework.boot.context.properties.source.ConfigurationPropertySourcesPropertySource] to AOP Proxy
2019-07-18 09:43:24.075  INFO 14204 --- [restartedMain] c.u.j.EncryptablePropertySourceConverter : Converting PropertySource servletConfigInitParams [org.springframework.core.env.PropertySource$StubPropertySource] to EncryptablePropertySourceWrapper
2019-07-18 09:43:24.075  INFO 14204 --- [restartedMain] c.u.j.EncryptablePropertySourceConverter : Converting PropertySource servletContextInitParams [org.springframework.core.env.PropertySource$StubPropertySource] to EncryptablePropertySourceWrapper
2019-07-18 09:43:24.076  INFO 14204 --- [restartedMain] c.u.j.EncryptablePropertySourceConverter : Converting PropertySource systemProperties [org.springframework.core.env.MapPropertySource] to EncryptableMapPropertySourceWrapper
2019-07-18 09:43:24.077  INFO 14204 --- [restartedMain] c.u.j.EncryptablePropertySourceConverter : Converting PropertySource systemEnvironment [org.springframework.boot.env.SystemEnvironmentPropertySourceEnvironmentPostProcessor$OriginAwareSystemEnvironmentPropertySource] to EncryptableMapPropertySourceWrapper
2019-07-18 09:43:24.077  INFO 14204 --- [restartedMain] c.u.j.EncryptablePropertySourceConverter : Converting PropertySource random [org.springframework.boot.env.RandomValuePropertySource] to EncryptablePropertySourceWrapper
2019-07-18 09:43:24.077  INFO 14204 --- [restartedMain] c.u.j.EncryptablePropertySourceConverter : Converting PropertySource applicationConfig: [classpath:/application.yml] [org.springframework.boot.env.OriginTrackedMapPropertySource] to EncryptableMapPropertySourceWrapper
2019-07-18 09:43:24.077  INFO 14204 --- [restartedMain] c.u.j.EncryptablePropertySourceConverter : Converting PropertySource devtools [org.springframework.core.env.MapPropertySource] to EncryptableMapPropertySourceWrapper
2019-07-18 09:43:24.446  INFO 14204 --- [restartedMain] c.u.j.filter.DefaultLazyPropertyFilter   : Property Filter custom Bean not found with name 'encryptablePropertyFilter'. Initializing Default Property Filter
2019-07-18 09:43:25.130  INFO 14204 --- [restartedMain] trationDelegate$BeanPostProcessorChecker : Bean 'org.springframework.transaction.annotation.ProxyTransactionManagementConfiguration' of type [org.springframework.transaction.annotation.ProxyTransactionManagementConfiguration$$EnhancerBySpringCGLIB$$f4c9bc60] is not eligible for getting processed by all BeanPostProcessors (for example: not eligible for auto-proxying)
2019-07-18 09:43:25.741  INFO 14204 --- [restartedMain] trationDelegate$BeanPostProcessorChecker : Bean 'org.springframework.security.config.annotation.configuration.ObjectPostProcessorConfiguration' of type [org.springframework.security.config.annotation.configuration.ObjectPostProcessorConfiguration$$EnhancerBySpringCGLIB$$8d77849a] is not eligible for getting processed by all BeanPostProcessors (for example: not eligible for auto-proxying)
2019-07-18 09:43:25.767  INFO 14204 --- [restartedMain] trationDelegate$BeanPostProcessorChecker : Bean 'objectPostProcessor' of type [org.springframework.security.config.annotation.configuration.AutowireBeanFactoryObjectPostProcessor] is not eligible for getting processed by all BeanPostProcessors (for example: not eligible for auto-proxying)
2019-07-18 09:43:25.786  INFO 14204 --- [restartedMain] trationDelegate$BeanPostProcessorChecker : Bean 'org.springframework.security.access.expression.method.DefaultMethodSecurityExpressionHandler@15f74147' of type [org.springframework.security.access.expression.method.DefaultMethodSecurityExpressionHandler] is not eligible for getting processed by all BeanPostProcessors (for example: not eligible for auto-proxying)
2019-07-18 09:43:25.789  INFO 14204 --- [restartedMain] trationDelegate$BeanPostProcessorChecker : Bean 'org.springframework.security.config.annotation.method.configuration.GlobalMethodSecurityConfiguration' of type [org.springframework.security.config.annotation.method.configuration.GlobalMethodSecurityConfiguration$$EnhancerBySpringCGLIB$$b24c274c] is not eligible for getting processed by all BeanPostProcessors (for example: not eligible for auto-proxying)
2019-07-18 09:43:25.821  INFO 14204 --- [restartedMain] trationDelegate$BeanPostProcessorChecker : Bean 'methodSecurityMetadataSource' of type [org.springframework.security.access.method.DelegatingMethodSecurityMetadataSource] is not eligible for getting processed by all BeanPostProcessors (for example: not eligible for auto-proxying)
2019-07-18 09:43:26.179  INFO 14204 --- [restartedMain] c.u.j.r.DefaultLazyPropertyResolver      : Property Resolver custom Bean not found with name 'encryptablePropertyResolver'. Initializing Default Property Resolver
2019-07-18 09:43:26.198  INFO 14204 --- [restartedMain] c.u.j.d.DefaultLazyPropertyDetector      : Property Detector custom Bean not found with name 'encryptablePropertyDetector'. Initializing Default Property Detector
2019-07-18 09:43:27.716  INFO 14204 --- [restartedMain] o.s.b.w.embedded.tomcat.TomcatWebServer  : Tomcat initialized with port(s): 8888 (http)
2019-07-18 09:43:27.788  INFO 14204 --- [restartedMain] o.apache.catalina.core.StandardService   : Starting service [Tomcat]
2019-07-18 09:43:27.789  INFO 14204 --- [restartedMain] org.apache.catalina.core.StandardEngine  : Starting Servlet engine: [Apache Tomcat/9.0.19]
2019-07-18 09:43:28.219  INFO 14204 --- [restartedMain] o.a.c.c.C.[Tomcat].[localhost].[/]       : Initializing Spring embedded WebApplicationContext
2019-07-18 09:43:28.220  INFO 14204 --- [restartedMain] o.s.web.context.ContextLoader            : Root WebApplicationContext: initialization completed in 12662 ms
2019-07-18 09:43:29.788  INFO 14204 --- [restartedMain] c.a.d.s.b.a.DruidDataSourceAutoConfigure : Init DruidDataSource
2019-07-18 09:43:30.311  INFO 14204 --- [restartedMain] com.alibaba.druid.pool.DruidDataSource   : {dataSource-1} inited
2019-07-18 09:43:33.008  INFO 14204 --- [restartedMain] o.hibernate.jpa.internal.util.LogHelper  : HHH000204: Processing PersistenceUnitInfo [
	name: default
	...]
2019-07-18 09:43:33.472  INFO 14204 --- [restartedMain] org.hibernate.Version                    : HHH000412: Hibernate Core {5.3.10.Final}
2019-07-18 09:43:33.477  INFO 14204 --- [restartedMain] org.hibernate.cfg.Environment            : HHH000205: Loaded properties from resource hibernate.properties: {hibernate.bytecode.use_reflection_optimizer=false, hibernate.dialect.storage_engine=innodb}
2019-07-18 09:43:34.163  INFO 14204 --- [restartedMain] o.hibernate.annotations.common.Version   : HCANN000001: Hibernate Commons Annotations {5.0.4.Final}
2019-07-18 09:43:34.855  INFO 14204 --- [restartedMain] org.hibernate.dialect.Dialect            : HHH000400: Using dialect: org.hibernate.dialect.MySQL5Dialect
2019-07-18 09:43:38.833  INFO 14204 --- [restartedMain] j.LocalContainerEntityManagerFactoryBean : Initialized JPA EntityManagerFactory for persistence unit 'default'
2019-07-18 09:43:39.728  WARN 14204 --- [restartedMain] c.e.x.c.s.p.MyFilterSecurityInterceptor  : Could not validate configuration attributes as the SecurityMetadataSource did not return any attributes from getAllConfigAttributes()
2019-07-18 09:43:42.238  INFO 14204 --- [restartedMain] o.elasticsearch.plugins.PluginsService   : no modules loaded
2019-07-18 09:43:42.245  INFO 14204 --- [restartedMain] o.elasticsearch.plugins.PluginsService   : loaded plugin [org.elasticsearch.index.reindex.ReindexPlugin]
2019-07-18 09:43:42.252  INFO 14204 --- [restartedMain] o.elasticsearch.plugins.PluginsService   : loaded plugin [org.elasticsearch.join.ParentJoinPlugin]
2019-07-18 09:43:42.252  INFO 14204 --- [restartedMain] o.elasticsearch.plugins.PluginsService   : loaded plugin [org.elasticsearch.percolator.PercolatorPlugin]
2019-07-18 09:43:42.253  INFO 14204 --- [restartedMain] o.elasticsearch.plugins.PluginsService   : loaded plugin [org.elasticsearch.script.mustache.MustachePlugin]
2019-07-18 09:43:42.254  INFO 14204 --- [restartedMain] o.elasticsearch.plugins.PluginsService   : loaded plugin [org.elasticsearch.transport.Netty4Plugin]
2019-07-18 09:43:51.289  INFO 14204 --- [restartedMain] o.s.d.e.c.TransportClientFactoryBean     : Adding transport node : 127.0.0.1:9300
2019-07-18 09:43:54.636  INFO 14204 --- [restartedMain] o.s.b.d.a.OptionalLiveReloadServer       : LiveReload server is running on port 35729
2019-07-18 09:43:54.665 ERROR 14204 --- [restartedMain] .d.e.r.s.AbstractElasticsearchRepository : failed to load elasticsearch nodes : org.elasticsearch.client.transport.NoNodeAvailableException: None of the configured nodes are available: [{#transport#-1}{Jgewe9NJRq-O3V8AYj0IDQ}{127.0.0.1}{127.0.0.1:9300}]
2019-07-18 09:44:00.868  INFO 14204 --- [restartedMain] org.quartz.impl.StdSchedulerFactory      : Using default implementation for ThreadExecutor
2019-07-18 09:44:01.070  INFO 14204 --- [restartedMain] org.quartz.core.SchedulerSignalerImpl    : Initialized Scheduler Signaller of type: class org.quartz.core.SchedulerSignalerImpl
2019-07-18 09:44:01.073  INFO 14204 --- [restartedMain] org.quartz.core.QuartzScheduler          : Quartz Scheduler v.2.3.1 created.
2019-07-18 09:44:01.089  INFO 14204 --- [restartedMain] o.s.s.quartz.LocalDataSourceJobStore     : Using db table-based data access locking (synchronization).
2019-07-18 09:44:01.399  INFO 14204 --- [restartedMain] o.s.s.quartz.LocalDataSourceJobStore     : JobStoreCMT initialized.
2019-07-18 09:44:01.406  INFO 14204 --- [restartedMain] org.quartz.core.QuartzScheduler          : Scheduler meta-data: Quartz Scheduler (v2.3.1) 'quartzScheduler' with instanceId 'NON_CLUSTERED'
  Scheduler class: 'org.quartz.core.QuartzScheduler' - running locally.
  NOT STARTED.
  Currently in standby mode.
  Number of jobs executed: 0
  Using thread pool 'org.quartz.simpl.SimpleThreadPool' - with 10 threads.
  Using job-store 'org.springframework.scheduling.quartz.LocalDataSourceJobStore' - which supports persistence. and is not clustered.

2019-07-18 09:44:01.408  INFO 14204 --- [restartedMain] org.quartz.impl.StdSchedulerFactory      : Quartz scheduler 'quartzScheduler' initialized from an externally provided properties instance.
2019-07-18 09:44:01.410  INFO 14204 --- [restartedMain] org.quartz.impl.StdSchedulerFactory      : Quartz scheduler version: 2.3.1
2019-07-18 09:44:01.412  INFO 14204 --- [restartedMain] org.quartz.core.QuartzScheduler          : JobFactory set to: org.springframework.scheduling.quartz.SpringBeanJobFactory@2663e4ee
2019-07-18 09:44:03.172  WARN 14204 --- [restartedMain] aWebConfiguration$JpaWebMvcConfiguration : spring.jpa.open-in-view is enabled by default. Therefore, database queries may be performed during view rendering. Explicitly configure spring.jpa.open-in-view to disable this warning
2019-07-18 09:44:03.746  INFO 14204 --- [restartedMain] o.s.b.a.e.web.EndpointLinksResolver      : Exposing 2 endpoint(s) beneath base path '/actuator'
2019-07-18 09:44:04.439  INFO 14204 --- [restartedMain] pertySourcedRequestMappingHandlerMapping : Mapped URL path [/v2/api-docs] onto method [public org.springframework.http.ResponseEntity<springfox.documentation.spring.web.json.Json> springfox.documentation.swagger2.web.Swagger2Controller.getDocumentation(java.lang.String,javax.servlet.http.HttpServletRequest)]
2019-07-18 09:44:04.486  INFO 14204 --- [restartedMain] c.e.xboot.config.swagger.Swagger2Config  : 加载Swagger2
2019-07-18 09:44:05.314  INFO 14204 --- [restartedMain] o.s.s.concurrent.ThreadPoolTaskExecutor  : Initializing ExecutorService 'applicationTaskExecutor'
2019-07-18 09:44:07.862  INFO 14204 --- [restartedMain] o.s.s.web.DefaultSecurityFilterChain     : Creating filter chain: any request, [org.springframework.security.web.context.request.async.WebAsyncManagerIntegrationFilter@2df885af, org.springframework.security.web.context.SecurityContextPersistenceFilter@29e88a67, org.springframework.security.web.header.HeaderWriterFilter@10f85d8d, org.springframework.security.web.authentication.logout.LogoutFilter@5387b839, org.springframework.security.web.authentication.UsernamePasswordAuthenticationFilter@1ee7e1f6, cn.exrick.xboot.config.security.jwt.JWTAuthenticationFilter@2b7eed1b, org.springframework.security.web.savedrequest.RequestCacheAwareFilter@6be3940d, org.springframework.security.web.servletapi.SecurityContextHolderAwareRequestFilter@2ac9acd6, org.springframework.security.web.authentication.AnonymousAuthenticationFilter@796716d7, org.springframework.security.web.session.SessionManagementFilter@18988f4b, org.springframework.security.web.access.ExceptionTranslationFilter@23d625db, cn.exrick.xboot.config.security.permission.MyFilterSecurityInterceptor@e0e8dbf, org.springframework.security.web.access.intercept.FilterSecurityInterceptor@4a76eb10]
2019-07-18 09:44:08.769  INFO 14204 --- [restartedMain] o.s.s.c.ThreadPoolTaskScheduler          : Initializing ExecutorService 'taskScheduler'
2019-07-18 09:44:09.013  WARN 14204 --- [restartedMain] arterDeprecationWarningAutoConfiguration : spring-boot-starter-redis is deprecated as of Spring Boot 1.4, please migrate to spring-boot-starter-data-redis
2019-07-18 09:44:09.216  INFO 14204 --- [restartedMain] d.s.w.p.DocumentationPluginsBootstrapper : Context refreshed
2019-07-18 09:44:09.266  INFO 14204 --- [restartedMain] d.s.w.p.DocumentationPluginsBootstrapper : Found 1 custom documentation plugin(s)
2019-07-18 09:44:09.356  INFO 14204 --- [restartedMain] s.d.s.w.s.ApiListingReferenceScanner     : Scanning for api listing references
2019-07-18 09:44:09.997  INFO 14204 --- [restartedMain] .d.s.w.r.o.CachingOperationNameGenerator : Generating unique operation named: addUsingPOST_1
2019-07-18 09:44:10.032  INFO 14204 --- [restartedMain] .d.s.w.r.o.CachingOperationNameGenerator : Generating unique operation named: editUsingPOST_1
2019-07-18 09:44:10.120  INFO 14204 --- [restartedMain] .d.s.w.r.o.CachingOperationNameGenerator : Generating unique operation named: addUsingPOST_2
2019-07-18 09:44:10.146  INFO 14204 --- [restartedMain] .d.s.w.r.o.CachingOperationNameGenerator : Generating unique operation named: delByIdsUsingDELETE_1
2019-07-18 09:44:10.172  INFO 14204 --- [restartedMain] .d.s.w.r.o.CachingOperationNameGenerator : Generating unique operation named: editUsingPOST_2
2019-07-18 09:44:10.432  INFO 14204 --- [restartedMain] .d.s.w.r.o.CachingOperationNameGenerator : Generating unique operation named: delByIdsUsingDELETE_2
2019-07-18 09:44:10.449  INFO 14204 --- [restartedMain] .d.s.w.r.o.CachingOperationNameGenerator : Generating unique operation named: getAllByPageUsingGET_1
2019-07-18 09:44:10.508  INFO 14204 --- [restartedMain] .d.s.w.r.o.CachingOperationNameGenerator : Generating unique operation named: addUsingPOST_3
2019-07-18 09:44:10.526  INFO 14204 --- [restartedMain] .d.s.w.r.o.CachingOperationNameGenerator : Generating unique operation named: delByIdsUsingDELETE_3
2019-07-18 09:44:10.552  INFO 14204 --- [restartedMain] .d.s.w.r.o.CachingOperationNameGenerator : Generating unique operation named: editUsingPOST_3
2019-07-18 09:44:10.618  INFO 14204 --- [restartedMain] .d.s.w.r.o.CachingOperationNameGenerator : Generating unique operation named: searchPermissionListUsingGET_1
2019-07-18 09:44:10.727  INFO 14204 --- [restartedMain] .d.s.w.r.o.CachingOperationNameGenerator : Generating unique operation named: getAllUsingGET_1
2019-07-18 09:44:10.784  INFO 14204 --- [restartedMain] .d.s.w.r.o.CachingOperationNameGenerator : Generating unique operation named: delAllUsingDELETE_1
2019-07-18 09:44:10.837  INFO 14204 --- [restartedMain] .d.s.w.r.o.CachingOperationNameGenerator : Generating unique operation named: getAllByPageUsingGET_2
2019-07-18 09:44:10.933  INFO 14204 --- [restartedMain] .d.s.w.r.o.CachingOperationNameGenerator : Generating unique operation named: delByIdsUsingDELETE_4
2019-07-18 09:44:10.982  INFO 14204 --- [restartedMain] .d.s.w.r.o.CachingOperationNameGenerator : Generating unique operation named: editUsingPOST_4
2019-07-18 09:44:11.084  INFO 14204 --- [restartedMain] .d.s.w.r.o.CachingOperationNameGenerator : Generating unique operation named: saveUsingPOST_1
2019-07-18 09:44:11.142  INFO 14204 --- [restartedMain] .d.s.w.r.o.CachingOperationNameGenerator : Generating unique operation named: delAllByIdsUsingDELETE_1
2019-07-18 09:44:11.205  INFO 14204 --- [restartedMain] .d.s.w.r.o.CachingOperationNameGenerator : Generating unique operation named: editUsingPOST_5
2019-07-18 09:44:11.286  INFO 14204 --- [restartedMain] .d.s.w.r.o.CachingOperationNameGenerator : Generating unique operation named: getByConditionUsingGET_1
2019-07-18 09:44:11.322  INFO 14204 --- [restartedMain] .d.s.w.r.o.CachingOperationNameGenerator : Generating unique operation named: getByConditionUsingGET_2
2019-07-18 09:44:11.341  INFO 14204 --- [restartedMain] .d.s.w.r.o.CachingOperationNameGenerator : Generating unique operation named: getByConditionUsingGET_3
2019-07-18 09:44:11.448  INFO 14204 --- [restartedMain] .d.s.w.r.o.CachingOperationNameGenerator : Generating unique operation named: registUsingPOST_1
2019-07-18 09:44:11.512  INFO 14204 --- [restartedMain] o.s.s.quartz.SchedulerFactoryBean        : Starting Quartz Scheduler now
2019-07-18 09:44:11.559  INFO 14204 --- [restartedMain] o.s.s.quartz.LocalDataSourceJobStore     : Freed 0 triggers from 'acquired' / 'blocked' state.
2019-07-18 09:44:11.566  INFO 14204 --- [restartedMain] o.s.s.quartz.LocalDataSourceJobStore     : Recovering 0 jobs that were in-progress at the time of the last shut-down.
2019-07-18 09:44:11.566  INFO 14204 --- [restartedMain] o.s.s.quartz.LocalDataSourceJobStore     : Recovery complete.
2019-07-18 09:44:11.567  INFO 14204 --- [restartedMain] o.s.s.quartz.LocalDataSourceJobStore     : Removed 0 'complete' triggers.
2019-07-18 09:44:11.569  INFO 14204 --- [restartedMain] o.s.s.quartz.LocalDataSourceJobStore     : Removed 0 stale fired job entries.
2019-07-18 09:44:11.571  INFO 14204 --- [restartedMain] org.quartz.core.QuartzScheduler          : Scheduler quartzScheduler_$_NON_CLUSTERED started.
2019-07-18 09:44:11.649  INFO 14204 --- [restartedMain] o.s.b.w.embedded.tomcat.TomcatWebServer  : Tomcat started on port(s): 8888 (http) with context path ''
2019-07-18 09:44:11.654  INFO 14204 --- [restartedMain] cn.exrick.xboot.XbootApplication         : Started XbootApplication in 57.453 seconds (JVM running for 61.056)
2019-07-18 09:44:13.295  INFO 14204 --- [RMI TCP Connection(2)-127.0.0.1] o.a.c.c.C.[Tomcat].[localhost].[/]       : Initializing Spring DispatcherServlet 'dispatcherServlet'
2019-07-18 09:44:13.295  INFO 14204 --- [RMI TCP Connection(2)-127.0.0.1] o.s.web.servlet.DispatcherServlet        : Initializing Servlet 'dispatcherServlet'
2019-07-18 09:44:13.359  INFO 14204 --- [RMI TCP Connection(2)-127.0.0.1] o.s.web.servlet.DispatcherServlet        : Completed initialization in 63 ms
2019-07-18 09:46:00.677  INFO 14204 --- [http-nio-8888-exec-2] o.apache.tomcat.util.http.parser.Cookie  : A cookie header was received [1563414356; Hm_lpvt_64e52d9ed8f5acc3eb7d60058e2fb7ab=1563414356] that contained an invalid cookie. That cookie will be ignored.
 Note: further occurrences of this error will be logged at DEBUG level.
2019-07-18 09:46:00.942  INFO 14204 --- [http-nio-8888-exec-2] o.h.h.i.QueryTranslatorFactoryInitiator  : HHH000397: Using ASTQueryTranslatorFactory
